#! /usr/local/Cellar/icarus-verilog/10.3/bin/vvp
:ivl_version "10.3 (stable)" "(v10_3)";
:ivl_delay_selection "TYPICAL";
:vpi_time_precision + 0;
:vpi_module "system";
:vpi_module "vhdl_sys";
:vpi_module "v2005_math";
:vpi_module "va_math";
S_0x7ffcd0707020 .scope module, "DataMemory" "DataMemory" 2 1;
 .timescale 0 0;
    .port_info 0 /INPUT 1 "CLK"
    .port_info 1 /INPUT 32 "DAddr"
    .port_info 2 /INPUT 32 "DataIn"
    .port_info 3 /INPUT 1 "RD"
    .port_info 4 /INPUT 1 "WR"
    .port_info 5 /OUTPUT 32 "DataOut"
o0x100b4a008 .functor BUFZ 1, C4<z>; HiZ drive
v0x7ffcd0702b30_0 .net "CLK", 0 0, o0x100b4a008;  0 drivers
o0x100b4a038 .functor BUFZ 32, C4<zzzzzzzzzzzzzzzzzzzzzzzzzzzzzzzz>; HiZ drive
v0x7ffcd0716f90_0 .net "DAddr", 31 0, o0x100b4a038;  0 drivers
o0x100b4a068 .functor BUFZ 32, C4<zzzzzzzzzzzzzzzzzzzzzzzzzzzzzzzz>; HiZ drive
v0x7ffcd0717030_0 .net "DataIn", 31 0, o0x100b4a068;  0 drivers
v0x7ffcd07170e0_0 .net "DataOut", 31 0, L_0x7ffcd071ab50;  1 drivers
v0x7ffcd0717190 .array "Memory", 127 0, 7 0;
o0x100b4a0c8 .functor BUFZ 1, C4<z>; HiZ drive
v0x7ffcd0717270_0 .net "RD", 0 0, o0x100b4a0c8;  0 drivers
o0x100b4a0f8 .functor BUFZ 1, C4<z>; HiZ drive
v0x7ffcd0717310_0 .net "WR", 0 0, o0x100b4a0f8;  0 drivers
L_0x100b7b050 .functor BUFT 1, C4<0000000000000000000000000000000>, C4<0>, C4<0>, C4<0>;
v0x7ffcd07173b0_0 .net *"_s11", 30 0, L_0x100b7b050;  1 drivers
L_0x100b7b098 .functor BUFT 1, C4<00000000000000000000000000000000>, C4<0>, C4<0>, C4<0>;
v0x7ffcd0717460_0 .net/2u *"_s12", 31 0, L_0x100b7b098;  1 drivers
v0x7ffcd0717570_0 .net *"_s14", 0 0, L_0x7ffcd0719700;  1 drivers
v0x7ffcd0717610_0 .net *"_s16", 7 0, L_0x7ffcd0719840;  1 drivers
v0x7ffcd07176c0_0 .net *"_s18", 32 0, L_0x7ffcd0719900;  1 drivers
v0x7ffcd0717770_0 .net *"_s2", 29 0, L_0x7ffcd07193b0;  1 drivers
L_0x100b7b0e0 .functor BUFT 1, C4<0>, C4<0>, C4<0>, C4<0>;
v0x7ffcd0717820_0 .net *"_s21", 0 0, L_0x100b7b0e0;  1 drivers
L_0x100b7b128 .functor BUFT 1, C4<000000000000000000000000000000011>, C4<0>, C4<0>, C4<0>;
v0x7ffcd07178d0_0 .net/2u *"_s22", 32 0, L_0x100b7b128;  1 drivers
v0x7ffcd0717980_0 .net *"_s24", 32 0, L_0x7ffcd0719aa0;  1 drivers
o0x100b4a2d8 .functor BUFZ 8, C4<zzzzzzzz>; HiZ drive
; Elide local net with no drivers, v0x7ffcd0717a30_0 name=_s26
v0x7ffcd0717bc0_0 .net *"_s28", 7 0, L_0x7ffcd0719c20;  1 drivers
v0x7ffcd0717c50_0 .net *"_s32", 31 0, L_0x7ffcd0719d40;  1 drivers
L_0x100b7b170 .functor BUFT 1, C4<0000000000000000000000000000000>, C4<0>, C4<0>, C4<0>;
v0x7ffcd0717d00_0 .net *"_s35", 30 0, L_0x100b7b170;  1 drivers
L_0x100b7b1b8 .functor BUFT 1, C4<00000000000000000000000000000000>, C4<0>, C4<0>, C4<0>;
v0x7ffcd0717db0_0 .net/2u *"_s36", 31 0, L_0x100b7b1b8;  1 drivers
v0x7ffcd0717e60_0 .net *"_s38", 0 0, L_0x7ffcd0719e70;  1 drivers
L_0x100b7b008 .functor BUFT 1, C4<00>, C4<0>, C4<0>, C4<0>;
v0x7ffcd0717f00_0 .net *"_s4", 1 0, L_0x100b7b008;  1 drivers
v0x7ffcd0717fb0_0 .net *"_s40", 7 0, L_0x7ffcd0719f90;  1 drivers
v0x7ffcd0718060_0 .net *"_s42", 32 0, L_0x7ffcd071a090;  1 drivers
L_0x100b7b200 .functor BUFT 1, C4<0>, C4<0>, C4<0>, C4<0>;
v0x7ffcd0718110_0 .net *"_s45", 0 0, L_0x100b7b200;  1 drivers
L_0x100b7b248 .functor BUFT 1, C4<000000000000000000000000000000010>, C4<0>, C4<0>, C4<0>;
v0x7ffcd07181c0_0 .net/2u *"_s46", 32 0, L_0x100b7b248;  1 drivers
v0x7ffcd0718270_0 .net *"_s48", 32 0, L_0x7ffcd071a1f0;  1 drivers
o0x100b4a518 .functor BUFZ 8, C4<zzzzzzzz>; HiZ drive
; Elide local net with no drivers, v0x7ffcd0718320_0 name=_s50
v0x7ffcd07183d0_0 .net *"_s52", 7 0, L_0x7ffcd071a3a0;  1 drivers
v0x7ffcd0718480_0 .net *"_s56", 31 0, L_0x7ffcd071a440;  1 drivers
L_0x100b7b290 .functor BUFT 1, C4<0000000000000000000000000000000>, C4<0>, C4<0>, C4<0>;
v0x7ffcd0718530_0 .net *"_s59", 30 0, L_0x100b7b290;  1 drivers
L_0x100b7b2d8 .functor BUFT 1, C4<00000000000000000000000000000000>, C4<0>, C4<0>, C4<0>;
v0x7ffcd07185e0_0 .net/2u *"_s60", 31 0, L_0x100b7b2d8;  1 drivers
v0x7ffcd0717ae0_0 .net *"_s62", 0 0, L_0x7ffcd071a5a0;  1 drivers
v0x7ffcd0718870_0 .net *"_s64", 7 0, L_0x7ffcd071a680;  1 drivers
v0x7ffcd0718900_0 .net *"_s66", 32 0, L_0x7ffcd071a7b0;  1 drivers
L_0x100b7b320 .functor BUFT 1, C4<0>, C4<0>, C4<0>, C4<0>;
v0x7ffcd0718990_0 .net *"_s69", 0 0, L_0x100b7b320;  1 drivers
L_0x100b7b368 .functor BUFT 1, C4<000000000000000000000000000000001>, C4<0>, C4<0>, C4<0>;
v0x7ffcd0718a40_0 .net/2u *"_s70", 32 0, L_0x100b7b368;  1 drivers
v0x7ffcd0718af0_0 .net *"_s72", 32 0, L_0x7ffcd071a8d0;  1 drivers
o0x100b4a728 .functor BUFZ 8, C4<zzzzzzzz>; HiZ drive
; Elide local net with no drivers, v0x7ffcd0718ba0_0 name=_s74
v0x7ffcd0718c50_0 .net *"_s76", 7 0, L_0x7ffcd071aab0;  1 drivers
v0x7ffcd0718d00_0 .net *"_s8", 31 0, L_0x7ffcd0719570;  1 drivers
v0x7ffcd0718db0_0 .net *"_s81", 31 0, L_0x7ffcd071aa10;  1 drivers
L_0x100b7b3b0 .functor BUFT 1, C4<0000000000000000000000000000000>, C4<0>, C4<0>, C4<0>;
v0x7ffcd0718e60_0 .net *"_s84", 30 0, L_0x100b7b3b0;  1 drivers
L_0x100b7b3f8 .functor BUFT 1, C4<00000000000000000000000000000000>, C4<0>, C4<0>, C4<0>;
v0x7ffcd0718f10_0 .net/2u *"_s85", 31 0, L_0x100b7b3f8;  1 drivers
v0x7ffcd0718fc0_0 .net *"_s87", 0 0, L_0x7ffcd071ade0;  1 drivers
v0x7ffcd0719060_0 .net *"_s89", 7 0, L_0x7ffcd071afc0;  1 drivers
o0x100b4a8a8 .functor BUFZ 8, C4<zzzzzzzz>; HiZ drive
; Elide local net with no drivers, v0x7ffcd0719110_0 name=_s91
v0x7ffcd07191c0_0 .net *"_s93", 7 0, L_0x7ffcd071acb0;  1 drivers
v0x7ffcd0719270_0 .net "address", 31 0, L_0x7ffcd0719450;  1 drivers
E_0x7ffcd07056d0 .event negedge, v0x7ffcd0702b30_0;
L_0x7ffcd07193b0 .part o0x100b4a038, 0, 30;
L_0x7ffcd0719450 .concat [ 2 30 0 0], L_0x100b7b008, L_0x7ffcd07193b0;
L_0x7ffcd0719570 .concat [ 1 31 0 0], o0x100b4a0c8, L_0x100b7b050;
L_0x7ffcd0719700 .cmp/eq 32, L_0x7ffcd0719570, L_0x100b7b098;
L_0x7ffcd0719840 .array/port v0x7ffcd0717190, L_0x7ffcd0719aa0;
L_0x7ffcd0719900 .concat [ 32 1 0 0], L_0x7ffcd0719450, L_0x100b7b0e0;
L_0x7ffcd0719aa0 .arith/sum 33, L_0x7ffcd0719900, L_0x100b7b128;
L_0x7ffcd0719c20 .functor MUXZ 8, o0x100b4a2d8, L_0x7ffcd0719840, L_0x7ffcd0719700, C4<>;
L_0x7ffcd0719d40 .concat [ 1 31 0 0], o0x100b4a0c8, L_0x100b7b170;
L_0x7ffcd0719e70 .cmp/eq 32, L_0x7ffcd0719d40, L_0x100b7b1b8;
L_0x7ffcd0719f90 .array/port v0x7ffcd0717190, L_0x7ffcd071a1f0;
L_0x7ffcd071a090 .concat [ 32 1 0 0], L_0x7ffcd0719450, L_0x100b7b200;
L_0x7ffcd071a1f0 .arith/sum 33, L_0x7ffcd071a090, L_0x100b7b248;
L_0x7ffcd071a3a0 .functor MUXZ 8, o0x100b4a518, L_0x7ffcd0719f90, L_0x7ffcd0719e70, C4<>;
L_0x7ffcd071a440 .concat [ 1 31 0 0], o0x100b4a0c8, L_0x100b7b290;
L_0x7ffcd071a5a0 .cmp/eq 32, L_0x7ffcd071a440, L_0x100b7b2d8;
L_0x7ffcd071a680 .array/port v0x7ffcd0717190, L_0x7ffcd071a8d0;
L_0x7ffcd071a7b0 .concat [ 32 1 0 0], L_0x7ffcd0719450, L_0x100b7b320;
L_0x7ffcd071a8d0 .arith/sum 33, L_0x7ffcd071a7b0, L_0x100b7b368;
L_0x7ffcd071aab0 .functor MUXZ 8, o0x100b4a728, L_0x7ffcd071a680, L_0x7ffcd071a5a0, C4<>;
L_0x7ffcd071ab50 .concat8 [ 8 8 8 8], L_0x7ffcd0719c20, L_0x7ffcd071a3a0, L_0x7ffcd071aab0, L_0x7ffcd071acb0;
L_0x7ffcd071aa10 .concat [ 1 31 0 0], o0x100b4a0c8, L_0x100b7b3b0;
L_0x7ffcd071ade0 .cmp/eq 32, L_0x7ffcd071aa10, L_0x100b7b3f8;
L_0x7ffcd071afc0 .array/port v0x7ffcd0717190, L_0x7ffcd0719450;
L_0x7ffcd071acb0 .functor MUXZ 8, o0x100b4a8a8, L_0x7ffcd071afc0, L_0x7ffcd071ade0, C4<>;
    .scope S_0x7ffcd0707020;
T_0 ;
    %wait E_0x7ffcd07056d0;
    %load/vec4 v0x7ffcd0717310_0;
    %pad/u 32;
    %cmpi/e 0, 0, 32;
    %jmp/0xz  T_0.0, 4;
    %load/vec4 v0x7ffcd0717030_0;
    %parti/s 8, 24, 6;
    %ix/getv 3, v0x7ffcd0719270_0;
    %ix/load 4, 0, 0; Constant delay
    %assign/vec4/a/d v0x7ffcd0717190, 0, 4;
    %load/vec4 v0x7ffcd0717030_0;
    %parti/s 8, 16, 6;
    %load/vec4 v0x7ffcd0719270_0;
    %pad/u 33;
    %addi 1, 0, 33;
    %ix/vec4 3;
    %ix/load 4, 0, 0; Constant delay
    %assign/vec4/a/d v0x7ffcd0717190, 0, 4;
    %load/vec4 v0x7ffcd0717030_0;
    %parti/s 8, 8, 5;
    %load/vec4 v0x7ffcd0719270_0;
    %pad/u 33;
    %addi 2, 0, 33;
    %ix/vec4 3;
    %ix/load 4, 0, 0; Constant delay
    %assign/vec4/a/d v0x7ffcd0717190, 0, 4;
    %load/vec4 v0x7ffcd0717030_0;
    %parti/s 8, 0, 2;
    %load/vec4 v0x7ffcd0719270_0;
    %pad/u 33;
    %addi 3, 0, 33;
    %ix/vec4 3;
    %ix/load 4, 0, 0; Constant delay
    %assign/vec4/a/d v0x7ffcd0717190, 0, 4;
T_0.0 ;
    %jmp T_0;
    .thread T_0;
# The file index is used to find the file name in the following table.
:file_names 3;
    "N/A";
    "<interactive>";
    "DataMemory.v";
