#! /usr/local/Cellar/icarus-verilog/10.3/bin/vvp
:ivl_version "10.3 (stable)" "(v10_3)";
:ivl_delay_selection "TYPICAL";
:vpi_time_precision + 0;
:vpi_module "system";
:vpi_module "vhdl_sys";
:vpi_module "v2005_math";
:vpi_module "va_math";
S_0x7fef8e700af0 .scope module, "Display_7SegLED" "Display_7SegLED" 2 1;
 .timescale 0 0;
    .port_info 0 /INPUT 4 "display_data"
    .port_info 1 /OUTPUT 8 "dispcode"
v0x7fef8e700cb0_0 .var "dispcode", 7 0;
o0x10c9d3038 .functor BUFZ 4, C4<zzzz>; HiZ drive
v0x7fef8e40db60_0 .net "display_data", 3 0, o0x10c9d3038;  0 drivers
E_0x7fef8e700c80 .event edge, v0x7fef8e40db60_0;
    .scope S_0x7fef8e700af0;
T_0 ;
    %wait E_0x7fef8e700c80;
    %load/vec4 v0x7fef8e40db60_0;
    %dup/vec4;
    %pushi/vec4 0, 0, 4;
    %cmp/u;
    %jmp/1 T_0.0, 6;
    %dup/vec4;
    %pushi/vec4 1, 0, 4;
    %cmp/u;
    %jmp/1 T_0.1, 6;
    %dup/vec4;
    %pushi/vec4 2, 0, 4;
    %cmp/u;
    %jmp/1 T_0.2, 6;
    %dup/vec4;
    %pushi/vec4 3, 0, 4;
    %cmp/u;
    %jmp/1 T_0.3, 6;
    %dup/vec4;
    %pushi/vec4 4, 0, 4;
    %cmp/u;
    %jmp/1 T_0.4, 6;
    %dup/vec4;
    %pushi/vec4 5, 0, 4;
    %cmp/u;
    %jmp/1 T_0.5, 6;
    %dup/vec4;
    %pushi/vec4 6, 0, 4;
    %cmp/u;
    %jmp/1 T_0.6, 6;
    %dup/vec4;
    %pushi/vec4 7, 0, 4;
    %cmp/u;
    %jmp/1 T_0.7, 6;
    %dup/vec4;
    %pushi/vec4 8, 0, 4;
    %cmp/u;
    %jmp/1 T_0.8, 6;
    %dup/vec4;
    %pushi/vec4 9, 0, 4;
    %cmp/u;
    %jmp/1 T_0.9, 6;
    %dup/vec4;
    %pushi/vec4 10, 0, 4;
    %cmp/u;
    %jmp/1 T_0.10, 6;
    %dup/vec4;
    %pushi/vec4 11, 0, 4;
    %cmp/u;
    %jmp/1 T_0.11, 6;
    %dup/vec4;
    %pushi/vec4 12, 0, 4;
    %cmp/u;
    %jmp/1 T_0.12, 6;
    %dup/vec4;
    %pushi/vec4 13, 0, 4;
    %cmp/u;
    %jmp/1 T_0.13, 6;
    %dup/vec4;
    %pushi/vec4 14, 0, 4;
    %cmp/u;
    %jmp/1 T_0.14, 6;
    %dup/vec4;
    %pushi/vec4 15, 0, 4;
    %cmp/u;
    %jmp/1 T_0.15, 6;
    %pushi/vec4 0, 0, 8;
    %store/vec4 v0x7fef8e700cb0_0, 0, 8;
    %jmp T_0.17;
T_0.0 ;
    %pushi/vec4 192, 0, 8;
    %store/vec4 v0x7fef8e700cb0_0, 0, 8;
    %jmp T_0.17;
T_0.1 ;
    %pushi/vec4 249, 0, 8;
    %store/vec4 v0x7fef8e700cb0_0, 0, 8;
    %jmp T_0.17;
T_0.2 ;
    %pushi/vec4 164, 0, 8;
    %store/vec4 v0x7fef8e700cb0_0, 0, 8;
    %jmp T_0.17;
T_0.3 ;
    %pushi/vec4 176, 0, 8;
    %store/vec4 v0x7fef8e700cb0_0, 0, 8;
    %jmp T_0.17;
T_0.4 ;
    %pushi/vec4 153, 0, 8;
    %store/vec4 v0x7fef8e700cb0_0, 0, 8;
    %jmp T_0.17;
T_0.5 ;
    %pushi/vec4 146, 0, 8;
    %store/vec4 v0x7fef8e700cb0_0, 0, 8;
    %jmp T_0.17;
T_0.6 ;
    %pushi/vec4 130, 0, 8;
    %store/vec4 v0x7fef8e700cb0_0, 0, 8;
    %jmp T_0.17;
T_0.7 ;
    %pushi/vec4 216, 0, 8;
    %store/vec4 v0x7fef8e700cb0_0, 0, 8;
    %jmp T_0.17;
T_0.8 ;
    %pushi/vec4 128, 0, 8;
    %store/vec4 v0x7fef8e700cb0_0, 0, 8;
    %jmp T_0.17;
T_0.9 ;
    %pushi/vec4 144, 0, 8;
    %store/vec4 v0x7fef8e700cb0_0, 0, 8;
    %jmp T_0.17;
T_0.10 ;
    %pushi/vec4 136, 0, 8;
    %store/vec4 v0x7fef8e700cb0_0, 0, 8;
    %jmp T_0.17;
T_0.11 ;
    %pushi/vec4 131, 0, 8;
    %store/vec4 v0x7fef8e700cb0_0, 0, 8;
    %jmp T_0.17;
T_0.12 ;
    %pushi/vec4 198, 0, 8;
    %store/vec4 v0x7fef8e700cb0_0, 0, 8;
    %jmp T_0.17;
T_0.13 ;
    %pushi/vec4 161, 0, 8;
    %store/vec4 v0x7fef8e700cb0_0, 0, 8;
    %jmp T_0.17;
T_0.14 ;
    %pushi/vec4 134, 0, 8;
    %store/vec4 v0x7fef8e700cb0_0, 0, 8;
    %jmp T_0.17;
T_0.15 ;
    %pushi/vec4 142, 0, 8;
    %store/vec4 v0x7fef8e700cb0_0, 0, 8;
    %jmp T_0.17;
T_0.17 ;
    %pop/vec4 1;
    %jmp T_0;
    .thread T_0, $push;
# The file index is used to find the file name in the following table.
:file_names 3;
    "N/A";
    "<interactive>";
    "Display_7Seg.v";
