#! /usr/local/Cellar/icarus-verilog/10.3/bin/vvp
:ivl_version "10.3 (stable)" "(v10_3)";
:ivl_delay_selection "TYPICAL";
:vpi_time_precision + 0;
:vpi_module "system";
:vpi_module "vhdl_sys";
:vpi_module "v2005_math";
:vpi_module "va_math";
S_0x7fed30f00430 .scope module, "Transfer" "Transfer" 2 1;
 .timescale 0 0;
    .port_info 0 /INPUT 1 "CLK"
    .port_info 1 /INPUT 16 "In"
    .port_info 2 /OUTPUT 4 "Out"
    .port_info 3 /OUTPUT 4 "Bit"
v0x7fed30f00590_0 .var "Bit", 3 0;
o0x100ef8038 .functor BUFZ 1, C4<z>; HiZ drive
v0x7fed30f10650_0 .net "CLK", 0 0, o0x100ef8038;  0 drivers
o0x100ef8068 .functor BUFZ 16, C4<zzzzzzzzzzzzzzzz>; HiZ drive
v0x7fed30f106f0_0 .net "In", 15 0, o0x100ef8068;  0 drivers
v0x7fed30f10790_0 .var "Out", 3 0;
v0x7fed30f10840_0 .var/i "i", 31 0;
E_0x7fed30f001e0 .event negedge, v0x7fed30f10650_0;
    .scope S_0x7fed30f00430;
T_0 ;
    %pushi/vec4 0, 0, 32;
    %store/vec4 v0x7fed30f10840_0, 0, 32;
    %end;
    .thread T_0;
    .scope S_0x7fed30f00430;
T_1 ;
    %wait E_0x7fed30f001e0;
    %load/vec4 v0x7fed30f10840_0;
    %dup/vec4;
    %pushi/vec4 0, 0, 32;
    %cmp/u;
    %jmp/1 T_1.0, 6;
    %dup/vec4;
    %pushi/vec4 1, 0, 32;
    %cmp/u;
    %jmp/1 T_1.1, 6;
    %dup/vec4;
    %pushi/vec4 2, 0, 32;
    %cmp/u;
    %jmp/1 T_1.2, 6;
    %dup/vec4;
    %pushi/vec4 3, 0, 32;
    %cmp/u;
    %jmp/1 T_1.3, 6;
    %jmp T_1.4;
T_1.0 ;
    %load/vec4 v0x7fed30f106f0_0;
    %parti/s 4, 12, 5;
    %store/vec4 v0x7fed30f10790_0, 0, 4;
    %pushi/vec4 14, 0, 4;
    %store/vec4 v0x7fed30f00590_0, 0, 4;
    %jmp T_1.4;
T_1.1 ;
    %load/vec4 v0x7fed30f106f0_0;
    %parti/s 4, 8, 5;
    %store/vec4 v0x7fed30f10790_0, 0, 4;
    %pushi/vec4 13, 0, 4;
    %store/vec4 v0x7fed30f00590_0, 0, 4;
    %jmp T_1.4;
T_1.2 ;
    %load/vec4 v0x7fed30f106f0_0;
    %parti/s 4, 4, 4;
    %store/vec4 v0x7fed30f10790_0, 0, 4;
    %pushi/vec4 11, 0, 4;
    %store/vec4 v0x7fed30f00590_0, 0, 4;
    %jmp T_1.4;
T_1.3 ;
    %load/vec4 v0x7fed30f106f0_0;
    %parti/s 4, 0, 2;
    %store/vec4 v0x7fed30f10790_0, 0, 4;
    %pushi/vec4 7, 0, 4;
    %store/vec4 v0x7fed30f00590_0, 0, 4;
    %jmp T_1.4;
T_1.4 ;
    %pop/vec4 1;
    %load/vec4 v0x7fed30f10840_0;
    %cmpi/e 3, 0, 32;
    %flag_mov 8, 4;
    %jmp/0 T_1.5, 8;
    %pushi/vec4 0, 0, 32;
    %jmp/1 T_1.6, 8;
T_1.5 ; End of true expr.
    %load/vec4 v0x7fed30f10840_0;
    %addi 1, 0, 32;
    %jmp/0 T_1.6, 8;
 ; End of false expr.
    %blend;
T_1.6;
    %store/vec4 v0x7fed30f10840_0, 0, 32;
    %jmp T_1;
    .thread T_1;
# The file index is used to find the file name in the following table.
:file_names 3;
    "N/A";
    "<interactive>";
    "Display_transfer.v";
