#! /usr/local/Cellar/icarus-verilog/10.3/bin/vvp
:ivl_version "10.3 (stable)" "(v10_3)";
:ivl_delay_selection "TYPICAL";
:vpi_time_precision + 0;
:vpi_module "system";
:vpi_module "vhdl_sys";
:vpi_module "v2005_math";
:vpi_module "va_math";
S_0x7fef967001b0 .scope module, "Select" "Select" 2 1;
 .timescale 0 0;
    .port_info 0 /INPUT 16 "In1"
    .port_info 1 /INPUT 16 "In2"
    .port_info 2 /INPUT 16 "In3"
    .port_info 3 /INPUT 16 "In4"
    .port_info 4 /INPUT 2 "SelectCode"
    .port_info 5 /OUTPUT 16 "DataOut"
v0x7fef96700440_0 .var "DataOut", 15 0;
o0x10e45d038 .functor BUFZ 16, C4<zzzzzzzzzzzzzzzz>; HiZ drive
v0x7fef967104f0_0 .net "In1", 15 0, o0x10e45d038;  0 drivers
o0x10e45d068 .functor BUFZ 16, C4<zzzzzzzzzzzzzzzz>; HiZ drive
v0x7fef96710590_0 .net "In2", 15 0, o0x10e45d068;  0 drivers
o0x10e45d098 .functor BUFZ 16, C4<zzzzzzzzzzzzzzzz>; HiZ drive
v0x7fef96710640_0 .net "In3", 15 0, o0x10e45d098;  0 drivers
o0x10e45d0c8 .functor BUFZ 16, C4<zzzzzzzzzzzzzzzz>; HiZ drive
v0x7fef967106f0_0 .net "In4", 15 0, o0x10e45d0c8;  0 drivers
o0x10e45d0f8 .functor BUFZ 2, C4<zz>; HiZ drive
v0x7fef967107e0_0 .net "SelectCode", 1 0, o0x10e45d0f8;  0 drivers
E_0x7fef967003e0/0 .event edge, v0x7fef967107e0_0, v0x7fef967104f0_0, v0x7fef96710590_0, v0x7fef96710640_0;
E_0x7fef967003e0/1 .event edge, v0x7fef967106f0_0;
E_0x7fef967003e0 .event/or E_0x7fef967003e0/0, E_0x7fef967003e0/1;
    .scope S_0x7fef967001b0;
T_0 ;
    %wait E_0x7fef967003e0;
    %load/vec4 v0x7fef967107e0_0;
    %dup/vec4;
    %pushi/vec4 0, 0, 2;
    %cmp/u;
    %jmp/1 T_0.0, 6;
    %dup/vec4;
    %pushi/vec4 1, 0, 2;
    %cmp/u;
    %jmp/1 T_0.1, 6;
    %dup/vec4;
    %pushi/vec4 2, 0, 2;
    %cmp/u;
    %jmp/1 T_0.2, 6;
    %dup/vec4;
    %pushi/vec4 3, 0, 2;
    %cmp/u;
    %jmp/1 T_0.3, 6;
    %jmp T_0.4;
T_0.0 ;
    %load/vec4 v0x7fef967104f0_0;
    %store/vec4 v0x7fef96700440_0, 0, 16;
    %jmp T_0.4;
T_0.1 ;
    %load/vec4 v0x7fef96710590_0;
    %store/vec4 v0x7fef96700440_0, 0, 16;
    %jmp T_0.4;
T_0.2 ;
    %load/vec4 v0x7fef96710640_0;
    %store/vec4 v0x7fef96700440_0, 0, 16;
    %jmp T_0.4;
T_0.3 ;
    %load/vec4 v0x7fef967106f0_0;
    %store/vec4 v0x7fef96700440_0, 0, 16;
    %jmp T_0.4;
T_0.4 ;
    %pop/vec4 1;
    %jmp T_0;
    .thread T_0, $push;
# The file index is used to find the file name in the following table.
:file_names 3;
    "N/A";
    "<interactive>";
    "Display_select.v";
