#! /usr/local/Cellar/icarus-verilog/10.3/bin/vvp
:ivl_version "10.3 (stable)" "(v10_3)";
:ivl_delay_selection "TYPICAL";
:vpi_time_precision + 0;
:vpi_module "system";
:vpi_module "vhdl_sys";
:vpi_module "v2005_math";
:vpi_module "va_math";
S_0x7fbf1ff00250 .scope module, "Keynoard_CLK" "Keynoard_CLK" 2 1;
 .timescale 0 0;
    .port_info 0 /INPUT 1 "Button"
    .port_info 1 /INPUT 1 "BasysCLK"
    .port_info 2 /OUTPUT 1 "CPUCLK"
L_0x7fbf1ff0b150 .functor NOT 1, v0x7fbf1ff0acd0_0, C4<0>, C4<0>, C4<0>;
L_0x7fbf1ff0b1c0 .functor AND 1, v0x7fbf1ff0ae10_0, L_0x7fbf1ff0b150, C4<1>, C4<1>;
L_0x7fbf1ff0b2d0 .functor NOT 1, v0x7fbf1ff0afc0_0, C4<0>, C4<0>, C4<0>;
L_0x7fbf1ff0b380 .functor AND 1, v0x7fbf1ff0b060_0, L_0x7fbf1ff0b2d0, C4<1>, C4<1>;
o0x106727008 .functor BUFZ 1, C4<z>; HiZ drive
v0x7fbf1ff00460_0 .net "BasysCLK", 0 0, o0x106727008;  0 drivers
o0x106727038 .functor BUFZ 1, C4<z>; HiZ drive
v0x7fbf1ff0aa00_0 .net "Button", 0 0, o0x106727038;  0 drivers
v0x7fbf1ff0aaa0_0 .net "CPUCLK", 0 0, L_0x7fbf1ff0b380;  1 drivers
v0x7fbf1ff0ab30_0 .net *"_s0", 0 0, L_0x7fbf1ff0b150;  1 drivers
v0x7fbf1ff0abe0_0 .net *"_s4", 0 0, L_0x7fbf1ff0b2d0;  1 drivers
v0x7fbf1ff0acd0_0 .var "button_current_state", 0 0;
v0x7fbf1ff0ad70_0 .net "button_edge", 0 0, L_0x7fbf1ff0b1c0;  1 drivers
v0x7fbf1ff0ae10_0 .var "button_previous_state", 0 0;
v0x7fbf1ff0aeb0_0 .var "counter", 20 0;
v0x7fbf1ff0afc0_0 .var "delayed_button_current_state", 0 0;
v0x7fbf1ff0b060_0 .var "delayed_button_previous_state", 0 0;
E_0x7fbf1ff00410 .event posedge, v0x7fbf1ff00460_0;
    .scope S_0x7fbf1ff00250;
T_0 ;
    %wait E_0x7fbf1ff00410;
    %load/vec4 v0x7fbf1ff0aa00_0;
    %assign/vec4 v0x7fbf1ff0acd0_0, 0;
    %load/vec4 v0x7fbf1ff0acd0_0;
    %assign/vec4 v0x7fbf1ff0ae10_0, 0;
    %jmp T_0;
    .thread T_0;
    .scope S_0x7fbf1ff00250;
T_1 ;
    %wait E_0x7fbf1ff00410;
    %load/vec4 v0x7fbf1ff0ad70_0;
    %flag_set/vec4 8;
    %jmp/0xz  T_1.0, 8;
    %pushi/vec4 0, 0, 21;
    %assign/vec4 v0x7fbf1ff0aeb0_0, 0;
    %jmp T_1.1;
T_1.0 ;
    %load/vec4 v0x7fbf1ff0aeb0_0;
    %addi 1, 0, 21;
    %assign/vec4 v0x7fbf1ff0aeb0_0, 0;
T_1.1 ;
    %jmp T_1;
    .thread T_1;
    .scope S_0x7fbf1ff00250;
T_2 ;
    %wait E_0x7fbf1ff00410;
    %load/vec4 v0x7fbf1ff0aeb0_0;
    %cmpi/e 2000000, 0, 21;
    %jmp/0xz  T_2.0, 4;
    %load/vec4 v0x7fbf1ff0acd0_0;
    %assign/vec4 v0x7fbf1ff0afc0_0, 0;
T_2.0 ;
    %load/vec4 v0x7fbf1ff0afc0_0;
    %assign/vec4 v0x7fbf1ff0b060_0, 0;
    %jmp T_2;
    .thread T_2;
# The file index is used to find the file name in the following table.
:file_names 3;
    "N/A";
    "<interactive>";
    "Keyboard.v";
