#! /usr/local/Cellar/icarus-verilog/10.3/bin/vvp
:ivl_version "10.3 (stable)" "(v10_3)";
:ivl_delay_selection "TYPICAL";
:vpi_time_precision + 0;
:vpi_module "system";
:vpi_module "vhdl_sys";
:vpi_module "v2005_math";
:vpi_module "va_math";
S_0x7f9d8fc026f0 .scope module, "InstructionMemory" "InstructionMemory" 2 1;
 .timescale 0 0;
    .port_info 0 /INPUT 32 "IAddr"
    .port_info 1 /INPUT 1 "RW"
    .port_info 2 /OUTPUT 6 "op"
    .port_info 3 /OUTPUT 6 "rs"
    .port_info 4 /OUTPUT 6 "rt"
    .port_info 5 /OUTPUT 6 "rd"
    .port_info 6 /OUTPUT 16 "Immediate"
    .port_info 7 /OUTPUT 6 "Sa"
o0x105fcf008 .functor BUFZ 32, C4<zzzzzzzzzzzzzzzzzzzzzzzzzzzzzzzz>; HiZ drive
v0x7f9d8fc06d30_0 .net "IAddr", 31 0, o0x105fcf008;  0 drivers
v0x7f9d8fc16af0_0 .var "IDataOut", 7 0;
v0x7f9d8fc16b90_0 .net "Immediate", 15 0, L_0x7f9d8fc177b0;  1 drivers
v0x7f9d8fc16c40 .array "Mem", 127 0, 7 0;
o0x105fcf098 .functor BUFZ 1, C4<z>; HiZ drive
v0x7f9d8fc16ce0_0 .net "RW", 0 0, o0x105fcf098;  0 drivers
v0x7f9d8fc16dc0_0 .net "Sa", 5 0, L_0x7f9d8fc17b30;  1 drivers
v0x7f9d8fc16e70_0 .net *"_s11", 7 0, L_0x7f9d8fc176f0;  1 drivers
L_0x106000170 .functor BUFT 1, C4<xxx>, C4<0>, C4<0>, C4<0>;
v0x7f9d8fc16f20_0 .net *"_s15", 2 0, L_0x106000170;  1 drivers
v0x7f9d8fc16fd0_0 .net *"_s17", 1 0, L_0x7f9d8fc17910;  1 drivers
v0x7f9d8fc170e0_0 .net *"_s19", 4 0, L_0x7f9d8fc179f0;  1 drivers
L_0x1060001b8 .functor BUFT 1, C4<0>, C4<0>, C4<0>, C4<0>;
v0x7f9d8fc17190_0 .net *"_s23", 0 0, L_0x1060001b8;  1 drivers
L_0x106000128 .functor BUFT 1, C4<xxxxxxxx>, C4<0>, C4<0>, C4<0>;
v0x7f9d8fc17240_0 .net *"_s9", 7 0, L_0x106000128;  1 drivers
L_0x106000008 .functor BUFT 1, C4<xxxxxx>, C4<0>, C4<0>, C4<0>;
v0x7f9d8fc172f0_0 .net "op", 5 0, L_0x106000008;  1 drivers
L_0x1060000e0 .functor BUFT 1, C4<0xxxxx>, C4<0>, C4<0>, C4<0>;
v0x7f9d8fc173a0_0 .net "rd", 5 0, L_0x1060000e0;  1 drivers
L_0x106000050 .functor BUFT 1, C4<0xxxxx>, C4<0>, C4<0>, C4<0>;
v0x7f9d8fc17450_0 .net "rs", 5 0, L_0x106000050;  1 drivers
L_0x106000098 .functor BUFT 1, C4<0xxxxx>, C4<0>, C4<0>, C4<0>;
v0x7f9d8fc17500_0 .net "rt", 5 0, L_0x106000098;  1 drivers
E_0x7f9d8fc02950 .event edge, v0x7f9d8fc06d30_0;
L_0x7f9d8fc176f0 .part v0x7f9d8fc16af0_0, 0, 8;
L_0x7f9d8fc177b0 .concat [ 8 8 0 0], L_0x7f9d8fc176f0, L_0x106000128;
L_0x7f9d8fc17910 .part v0x7f9d8fc16af0_0, 6, 2;
L_0x7f9d8fc179f0 .concat [ 2 3 0 0], L_0x7f9d8fc17910, L_0x106000170;
L_0x7f9d8fc17b30 .concat [ 5 1 0 0], L_0x7f9d8fc179f0, L_0x1060001b8;
    .scope S_0x7f9d8fc026f0;
T_0 ;
    %vpi_call 2 27 "$readmemb", "Instructions.txt", v0x7f9d8fc16c40 {0 0 0};
    %pushi/vec4 0, 0, 8;
    %store/vec4 v0x7f9d8fc16af0_0, 0, 8;
    %end;
    .thread T_0;
    .scope S_0x7f9d8fc026f0;
T_1 ;
    %wait E_0x7f9d8fc02950;
    %load/vec4 v0x7f9d8fc16ce0_0;
    %pad/u 32;
    %cmpi/e 1, 0, 32;
    %jmp/0xz  T_1.0, 4;
    %load/vec4 v0x7f9d8fc06d30_0;
    %pad/u 33;
    %addi 3, 0, 33;
    %ix/vec4 4;
    %load/vec4a v0x7f9d8fc16c40, 4;
    %store/vec4 v0x7f9d8fc16af0_0, 0, 8;
    %load/vec4 v0x7f9d8fc06d30_0;
    %pad/u 33;
    %addi 2, 0, 33;
    %ix/vec4 4;
    %load/vec4a v0x7f9d8fc16c40, 4;
    %ix/load 4, 8, 0;
    %flag_set/imm 4, 0;
    %store/vec4 v0x7f9d8fc16af0_0, 4, 8;
    %load/vec4 v0x7f9d8fc06d30_0;
    %pad/u 33;
    %addi 1, 0, 33;
    %ix/vec4 4;
    %load/vec4a v0x7f9d8fc16c40, 4;
    %ix/load 4, 16, 0;
    %flag_set/imm 4, 0;
    %store/vec4 v0x7f9d8fc16af0_0, 4, 8;
    %ix/getv 4, v0x7f9d8fc06d30_0;
    %load/vec4a v0x7f9d8fc16c40, 4;
    %ix/load 4, 24, 0;
    %flag_set/imm 4, 0;
    %store/vec4 v0x7f9d8fc16af0_0, 4, 8;
T_1.0 ;
    %jmp T_1;
    .thread T_1, $push;
# The file index is used to find the file name in the following table.
:file_names 3;
    "N/A";
    "<interactive>";
    "InstructionMemory.v";
