#! /usr/local/Cellar/icarus-verilog/10.3/bin/vvp
:ivl_version "10.3 (stable)" "(v10_3)";
:ivl_delay_selection "TYPICAL";
:vpi_time_precision + 0;
:vpi_module "system";
:vpi_module "vhdl_sys";
:vpi_module "v2005_math";
:vpi_module "va_math";
S_0x7ff3dec04da0 .scope module, "RegisterFile" "RegisterFile" 2 1;
 .timescale 0 0;
    .port_info 0 /INPUT 1 "CLK"
    .port_info 1 /INPUT 1 "RegDst"
    .port_info 2 /INPUT 1 "RegWre"
    .port_info 3 /INPUT 1 "DBDataSrc"
    .port_info 4 /INPUT 6 "Opcode"
    .port_info 5 /INPUT 5 "rs"
    .port_info 6 /INPUT 5 "rt"
    .port_info 7 /INPUT 5 "rd"
    .port_info 8 /INPUT 11 "im"
    .port_info 9 /INPUT 32 "dataFromALU"
    .port_info 10 /INPUT 32 "dataFromRW"
    .port_info 11 /OUTPUT 32 "Data1"
    .port_info 12 /OUTPUT 32 "Data2"
L_0x7ff3def091b0 .functor BUFZ 32, L_0x7ff3def08fa0, C4<00000000000000000000000000000000>, C4<00000000000000000000000000000000>, C4<00000000000000000000000000000000>;
o0x10101c008 .functor BUFZ 1, C4<z>; HiZ drive
v0x7ff3dec05040_0 .net "CLK", 0 0, o0x10101c008;  0 drivers
o0x10101c038 .functor BUFZ 1, C4<z>; HiZ drive
v0x7ff3def07190_0 .net "DBDataSrc", 0 0, o0x10101c038;  0 drivers
v0x7ff3def07240_0 .net "Data1", 31 0, L_0x7ff3def08e40;  1 drivers
v0x7ff3def072f0_0 .net "Data2", 31 0, L_0x7ff3def091b0;  1 drivers
o0x10101c0c8 .functor BUFZ 6, C4<zzzzzz>; HiZ drive
v0x7ff3def07380_0 .net "Opcode", 5 0, o0x10101c0c8;  0 drivers
o0x10101c0f8 .functor BUFZ 1, C4<z>; HiZ drive
v0x7ff3def07470_0 .net "RegDst", 0 0, o0x10101c0f8;  0 drivers
o0x10101c128 .functor BUFZ 1, C4<z>; HiZ drive
v0x7ff3def07510_0 .net "RegWre", 0 0, o0x10101c128;  0 drivers
v0x7ff3def075b0_0 .net *"_s10", 31 0, L_0x7ff3def08a50;  1 drivers
L_0x10104d050 .functor BUFT 1, C4<000000000000000000000000000>, C4<0>, C4<0>, C4<0>;
v0x7ff3def07660_0 .net *"_s13", 26 0, L_0x10104d050;  1 drivers
v0x7ff3def07770_0 .net *"_s14", 31 0, L_0x7ff3def08be0;  1 drivers
v0x7ff3def07820_0 .net *"_s16", 6 0, L_0x7ff3def08ca0;  1 drivers
L_0x10104d098 .functor BUFT 1, C4<00>, C4<0>, C4<0>, C4<0>;
v0x7ff3def078d0_0 .net *"_s19", 1 0, L_0x10104d098;  1 drivers
v0x7ff3def07980_0 .net *"_s22", 31 0, L_0x7ff3def08fa0;  1 drivers
v0x7ff3def07a30_0 .net *"_s24", 6 0, L_0x7ff3def09090;  1 drivers
L_0x10104d0e0 .functor BUFT 1, C4<00>, C4<0>, C4<0>, C4<0>;
v0x7ff3def07ae0_0 .net *"_s27", 1 0, L_0x10104d0e0;  1 drivers
L_0x10104d008 .functor BUFT 1, C4<011000>, C4<0>, C4<0>, C4<0>;
v0x7ff3def07b90_0 .net/2u *"_s4", 5 0, L_0x10104d008;  1 drivers
v0x7ff3def07c40_0 .net *"_s6", 0 0, L_0x7ff3def08850;  1 drivers
v0x7ff3def07dd0_0 .net *"_s9", 4 0, L_0x7ff3def08970;  1 drivers
o0x10101c368 .functor BUFZ 32, C4<zzzzzzzzzzzzzzzzzzzzzzzzzzzzzzzz>; HiZ drive
v0x7ff3def07e60_0 .net "dataFromALU", 31 0, o0x10101c368;  0 drivers
o0x10101c398 .functor BUFZ 32, C4<zzzzzzzzzzzzzzzzzzzzzzzzzzzzzzzz>; HiZ drive
v0x7ff3def07f00_0 .net "dataFromRW", 31 0, o0x10101c398;  0 drivers
v0x7ff3def07fb0_0 .var/i "i", 31 0;
o0x10101c3f8 .functor BUFZ 11, C4<zzzzzzzzzzz>; HiZ drive
v0x7ff3def08060_0 .net "im", 10 0, o0x10101c3f8;  0 drivers
o0x10101c428 .functor BUFZ 5, C4<zzzzz>; HiZ drive
v0x7ff3def08110_0 .net "rd", 4 0, o0x10101c428;  0 drivers
v0x7ff3def081c0 .array "register", 31 0, 31 0;
o0x10101c458 .functor BUFZ 5, C4<zzzzz>; HiZ drive
v0x7ff3def08260_0 .net "rs", 4 0, o0x10101c458;  0 drivers
o0x10101c488 .functor BUFZ 5, C4<zzzzz>; HiZ drive
v0x7ff3def08310_0 .net "rt", 4 0, o0x10101c488;  0 drivers
v0x7ff3def083c0_0 .net "writeData", 31 0, L_0x7ff3def08730;  1 drivers
v0x7ff3def08470_0 .net "writeReg", 4 0, L_0x7ff3def08660;  1 drivers
E_0x7ff3dec01bc0/0 .event edge, v0x7ff3def083c0_0, v0x7ff3def08470_0, v0x7ff3def07190_0, v0x7ff3def07510_0;
E_0x7ff3dec01bc0/1 .event edge, v0x7ff3def07470_0;
E_0x7ff3dec01bc0/2 .event negedge, v0x7ff3dec05040_0;
E_0x7ff3dec01bc0 .event/or E_0x7ff3dec01bc0/0, E_0x7ff3dec01bc0/1, E_0x7ff3dec01bc0/2;
L_0x7ff3def08660 .functor MUXZ 5, o0x10101c488, o0x10101c428, o0x10101c0f8, C4<>;
L_0x7ff3def08730 .functor MUXZ 32, o0x10101c368, o0x10101c398, o0x10101c038, C4<>;
L_0x7ff3def08850 .cmp/eq 6, o0x10101c0c8, L_0x10104d008;
L_0x7ff3def08970 .part o0x10101c3f8, 6, 5;
L_0x7ff3def08a50 .concat [ 5 27 0 0], L_0x7ff3def08970, L_0x10104d050;
L_0x7ff3def08be0 .array/port v0x7ff3def081c0, L_0x7ff3def08ca0;
L_0x7ff3def08ca0 .concat [ 5 2 0 0], o0x10101c458, L_0x10104d098;
L_0x7ff3def08e40 .functor MUXZ 32, L_0x7ff3def08be0, L_0x7ff3def08a50, L_0x7ff3def08850, C4<>;
L_0x7ff3def08fa0 .array/port v0x7ff3def081c0, L_0x7ff3def09090;
L_0x7ff3def09090 .concat [ 5 2 0 0], o0x10101c488, L_0x10104d0e0;
    .scope S_0x7ff3dec04da0;
T_0 ;
    %pushi/vec4 0, 0, 32;
    %store/vec4 v0x7ff3def07fb0_0, 0, 32;
T_0.0 ;
    %load/vec4 v0x7ff3def07fb0_0;
    %cmpi/s 32, 0, 32;
    %jmp/0xz T_0.1, 5;
    %pushi/vec4 0, 0, 32;
    %ix/getv/s 3, v0x7ff3def07fb0_0;
    %ix/load 4, 0, 0; Constant delay
    %assign/vec4/a/d v0x7ff3def081c0, 0, 4;
    %load/vec4 v0x7ff3def07fb0_0;
    %pushi/vec4 1, 0, 32;
    %add;
    %store/vec4 v0x7ff3def07fb0_0, 0, 32;
    %jmp T_0.0;
T_0.1 ;
    %end;
    .thread T_0;
    .scope S_0x7ff3dec04da0;
T_1 ;
    %wait E_0x7ff3dec01bc0;
    %load/vec4 v0x7ff3def07510_0;
    %load/vec4 v0x7ff3def08470_0;
    %pushi/vec4 0, 0, 5;
    %cmp/e;
    %flag_get/vec4 4;
    %inv;
    %and;
    %flag_set/vec4 8;
    %jmp/0xz  T_1.0, 8;
    %load/vec4 v0x7ff3def083c0_0;
    %load/vec4 v0x7ff3def08470_0;
    %pad/u 7;
    %ix/vec4 3;
    %ix/load 4, 0, 0; Constant delay
    %assign/vec4/a/d v0x7ff3def081c0, 0, 4;
T_1.0 ;
    %jmp T_1;
    .thread T_1;
# The file index is used to find the file name in the following table.
:file_names 3;
    "N/A";
    "<interactive>";
    "RegisterFile.v";
