#! /usr/local/Cellar/icarus-verilog/10.3/bin/vvp
:ivl_version "10.3 (stable)" "(v10_3)";
:ivl_delay_selection "TYPICAL";
:vpi_time_precision + 0;
:vpi_module "system";
:vpi_module "vhdl_sys";
:vpi_module "v2005_math";
:vpi_module "va_math";
S_0x7fd20af00270 .scope module, "SignZeroExtend" "SignZeroExtend" 2 3;
 .timescale 0 0;
    .port_info 0 /INPUT 16 "Immediate"
    .port_info 1 /INPUT 1 "ExtSel"
    .port_info 2 /OUTPUT 32 "Out"
o0x107d2c038 .functor BUFZ 16, C4<zzzzzzzzzzzzzzzz>; HiZ drive
L_0x7fd20af10d40 .functor BUFZ 16, o0x107d2c038, C4<0000000000000000>, C4<0000000000000000>, C4<0000000000000000>;
o0x107d2c008 .functor BUFZ 1, C4<z>; HiZ drive
v0x7fd20af00430_0 .net "ExtSel", 0 0, o0x107d2c008;  0 drivers
v0x7fd20af104e0_0 .net "Immediate", 15 0, o0x107d2c038;  0 drivers
v0x7fd20af10580_0 .net "Out", 31 0, L_0x7fd20af10db0;  1 drivers
L_0x107d5d008 .functor BUFT 1, C4<0000000000000000000000000000000>, C4<0>, C4<0>, C4<0>;
v0x7fd20af10630_0 .net *"_s10", 30 0, L_0x107d5d008;  1 drivers
L_0x107d5d050 .functor BUFT 1, C4<00000000000000000000000000000001>, C4<0>, C4<0>, C4<0>;
v0x7fd20af106e0_0 .net/2u *"_s11", 31 0, L_0x107d5d050;  1 drivers
v0x7fd20af107d0_0 .net *"_s13", 0 0, L_0x7fd20af11080;  1 drivers
v0x7fd20af10870_0 .net *"_s16", 0 0, L_0x7fd20af111a0;  1 drivers
v0x7fd20af10920_0 .net *"_s17", 15 0, L_0x7fd20af11280;  1 drivers
L_0x107d5d098 .functor BUFT 1, C4<0000000000000000>, C4<0>, C4<0>, C4<0>;
v0x7fd20af109d0_0 .net/2u *"_s19", 15 0, L_0x107d5d098;  1 drivers
v0x7fd20af10ae0_0 .net *"_s21", 15 0, L_0x7fd20af113e0;  1 drivers
v0x7fd20af10b90_0 .net *"_s3", 15 0, L_0x7fd20af10d40;  1 drivers
v0x7fd20af10c40_0 .net *"_s7", 31 0, L_0x7fd20af10ed0;  1 drivers
L_0x7fd20af10db0 .concat8 [ 16 16 0 0], L_0x7fd20af10d40, L_0x7fd20af113e0;
L_0x7fd20af10ed0 .concat [ 1 31 0 0], o0x107d2c008, L_0x107d5d008;
L_0x7fd20af11080 .cmp/eq 32, L_0x7fd20af10ed0, L_0x107d5d050;
L_0x7fd20af111a0 .part o0x107d2c038, 15, 1;
LS_0x7fd20af11280_0_0 .concat [ 1 1 1 1], L_0x7fd20af111a0, L_0x7fd20af111a0, L_0x7fd20af111a0, L_0x7fd20af111a0;
LS_0x7fd20af11280_0_4 .concat [ 1 1 1 1], L_0x7fd20af111a0, L_0x7fd20af111a0, L_0x7fd20af111a0, L_0x7fd20af111a0;
LS_0x7fd20af11280_0_8 .concat [ 1 1 1 1], L_0x7fd20af111a0, L_0x7fd20af111a0, L_0x7fd20af111a0, L_0x7fd20af111a0;
LS_0x7fd20af11280_0_12 .concat [ 1 1 1 1], L_0x7fd20af111a0, L_0x7fd20af111a0, L_0x7fd20af111a0, L_0x7fd20af111a0;
L_0x7fd20af11280 .concat [ 4 4 4 4], LS_0x7fd20af11280_0_0, LS_0x7fd20af11280_0_4, LS_0x7fd20af11280_0_8, LS_0x7fd20af11280_0_12;
L_0x7fd20af113e0 .functor MUXZ 16, L_0x107d5d098, L_0x7fd20af11280, L_0x7fd20af11080, C4<>;
# The file index is used to find the file name in the following table.
:file_names 3;
    "N/A";
    "<interactive>";
    "SignZeroExtend.v";
