#! /usr/local/Cellar/icarus-verilog/10.3/bin/vvp
:ivl_version "10.3 (stable)" "(v10_3)";
:ivl_delay_selection "TYPICAL";
:vpi_time_precision + 0;
:vpi_module "system";
:vpi_module "vhdl_sys";
:vpi_module "v2005_math";
:vpi_module "va_math";
S_0x7fdfd0c02760 .scope module, "PC" "PC" 2 1;
 .timescale 0 0;
    .port_info 0 /INPUT 1 "CLK"
    .port_info 1 /INPUT 1 "Reset"
    .port_info 2 /INPUT 1 "PCWre"
    .port_info 3 /INPUT 1 "PCSrc"
    .port_info 4 /INPUT 16 "Immediate"
    .port_info 5 /OUTPUT 32 "Address"
v0x7fdfd0c029c0_0 .var "Address", 31 0;
o0x1026c5038 .functor BUFZ 1, C4<z>; HiZ drive
v0x7fdfd0c12a80_0 .net "CLK", 0 0, o0x1026c5038;  0 drivers
o0x1026c5068 .functor BUFZ 16, C4<zzzzzzzzzzzzzzzz>; HiZ drive
v0x7fdfd0c12b20_0 .net "Immediate", 15 0, o0x1026c5068;  0 drivers
o0x1026c5098 .functor BUFZ 1, C4<z>; HiZ drive
v0x7fdfd0c12bc0_0 .net "PCSrc", 0 0, o0x1026c5098;  0 drivers
o0x1026c50c8 .functor BUFZ 1, C4<z>; HiZ drive
v0x7fdfd0c12c60_0 .net "PCWre", 0 0, o0x1026c50c8;  0 drivers
o0x1026c50f8 .functor BUFZ 1, C4<z>; HiZ drive
v0x7fdfd0c12d40_0 .net "Reset", 0 0, o0x1026c50f8;  0 drivers
E_0x7fdfd0c02990 .event negedge, v0x7fdfd0c12d40_0, v0x7fdfd0c12a80_0;
    .scope S_0x7fdfd0c02760;
T_0 ;
    %wait E_0x7fdfd0c02990;
    %load/vec4 v0x7fdfd0c12d40_0;
    %pad/u 32;
    %cmpi/e 0, 0, 32;
    %jmp/0xz  T_0.0, 4;
    %pushi/vec4 0, 0, 32;
    %store/vec4 v0x7fdfd0c029c0_0, 0, 32;
    %jmp T_0.1;
T_0.0 ;
    %load/vec4 v0x7fdfd0c12c60_0;
    %flag_set/vec4 8;
    %jmp/0xz  T_0.2, 8;
    %load/vec4 v0x7fdfd0c12bc0_0;
    %flag_set/vec4 8;
    %jmp/0xz  T_0.4, 8;
    %load/vec4 v0x7fdfd0c029c0_0;
    %addi 4, 0, 32;
    %load/vec4 v0x7fdfd0c12b20_0;
    %pad/u 32;
    %add;
    %ix/load 4, 2, 0;
    %flag_set/imm 4, 0;
    %shiftl 4;
    %store/vec4 v0x7fdfd0c029c0_0, 0, 32;
    %jmp T_0.5;
T_0.4 ;
    %load/vec4 v0x7fdfd0c029c0_0;
    %addi 4, 0, 32;
    %store/vec4 v0x7fdfd0c029c0_0, 0, 32;
T_0.5 ;
T_0.2 ;
T_0.1 ;
    %jmp T_0;
    .thread T_0;
# The file index is used to find the file name in the following table.
:file_names 3;
    "N/A";
    "<interactive>";
    "PC.v";
