#! /usr/local/Cellar/icarus-verilog/10.3/bin/vvp
:ivl_version "10.3 (stable)" "(v10_3)";
:ivl_delay_selection "TYPICAL";
:vpi_time_precision + 0;
:vpi_module "system";
:vpi_module "vhdl_sys";
:vpi_module "v2005_math";
:vpi_module "va_math";
S_0x7fc51c603f70 .scope module, "ALU" "ALU" 2 1;
 .timescale 0 0;
    .port_info 0 /INPUT 32 "ReadData1"
    .port_info 1 /INPUT 32 "ReadData2"
    .port_info 2 /INPUT 32 "Ext"
    .port_info 3 /INPUT 32 "Sa"
    .port_info 4 /INPUT 3 "ALUop"
    .port_info 5 /INPUT 1 "ALUSrcA"
    .port_info 6 /INPUT 1 "ALUSrcB"
    .port_info 7 /OUTPUT 1 "zero"
    .port_info 8 /OUTPUT 32 "Result"
o0x10d558008 .functor BUFZ 1, C4<z>; HiZ drive
v0x7fc51c604200_0 .net "ALUSrcA", 0 0, o0x10d558008;  0 drivers
o0x10d558038 .functor BUFZ 1, C4<z>; HiZ drive
v0x7fc51c6140a0_0 .net "ALUSrcB", 0 0, o0x10d558038;  0 drivers
o0x10d558068 .functor BUFZ 3, C4<zzz>; HiZ drive
v0x7fc51c614140_0 .net "ALUop", 2 0, o0x10d558068;  0 drivers
o0x10d558098 .functor BUFZ 32, C4<zzzzzzzzzzzzzzzzzzzzzzzzzzzzzzzz>; HiZ drive
v0x7fc51c614200_0 .net "Ext", 31 0, o0x10d558098;  0 drivers
v0x7fc51c6142b0_0 .net "InA", 31 0, L_0x7fc51c614c50;  1 drivers
v0x7fc51c6143a0_0 .net "InB", 31 0, L_0x7fc51c614d10;  1 drivers
o0x10d558128 .functor BUFZ 32, C4<zzzzzzzzzzzzzzzzzzzzzzzzzzzzzzzz>; HiZ drive
v0x7fc51c614450_0 .net "ReadData1", 31 0, o0x10d558128;  0 drivers
o0x10d558158 .functor BUFZ 32, C4<zzzzzzzzzzzzzzzzzzzzzzzzzzzzzzzz>; HiZ drive
v0x7fc51c614500_0 .net "ReadData2", 31 0, o0x10d558158;  0 drivers
v0x7fc51c6145b0_0 .var "Result", 31 0;
o0x10d5581b8 .functor BUFZ 32, C4<zzzzzzzzzzzzzzzzzzzzzzzzzzzzzzzz>; HiZ drive
v0x7fc51c6146c0_0 .net "Sa", 31 0, o0x10d5581b8;  0 drivers
L_0x10d589098 .functor BUFT 1, C4<00>, C4<0>, C4<0>, C4<0>;
v0x7fc51c614770_0 .net/2s *"_s10", 1 0, L_0x10d589098;  1 drivers
v0x7fc51c614820_0 .net *"_s12", 1 0, L_0x7fc51c615000;  1 drivers
L_0x10d589008 .functor BUFT 1, C4<00000000000000000000000000000000>, C4<0>, C4<0>, C4<0>;
v0x7fc51c6148d0_0 .net/2u *"_s4", 31 0, L_0x10d589008;  1 drivers
v0x7fc51c614980_0 .net *"_s6", 0 0, L_0x7fc51c614e80;  1 drivers
L_0x10d589050 .functor BUFT 1, C4<01>, C4<0>, C4<0>, C4<0>;
v0x7fc51c614a20_0 .net/2s *"_s8", 1 0, L_0x10d589050;  1 drivers
v0x7fc51c614ad0_0 .net "zero", 0 0, L_0x7fc51c615180;  1 drivers
E_0x7fc51c600440 .event edge, v0x7fc51c614140_0, v0x7fc51c6142b0_0, v0x7fc51c6143a0_0;
L_0x7fc51c614c50 .functor MUXZ 32, o0x10d558128, o0x10d5581b8, o0x10d558008, C4<>;
L_0x7fc51c614d10 .functor MUXZ 32, o0x10d558158, o0x10d558098, o0x10d558038, C4<>;
L_0x7fc51c614e80 .cmp/eq 32, v0x7fc51c6145b0_0, L_0x10d589008;
L_0x7fc51c615000 .functor MUXZ 2, L_0x10d589098, L_0x10d589050, L_0x7fc51c614e80, C4<>;
L_0x7fc51c615180 .part L_0x7fc51c615000, 0, 1;
    .scope S_0x7fc51c603f70;
T_0 ;
    %wait E_0x7fc51c600440;
    %load/vec4 v0x7fc51c614140_0;
    %dup/vec4;
    %pushi/vec4 0, 0, 3;
    %cmp/u;
    %jmp/1 T_0.0, 6;
    %dup/vec4;
    %pushi/vec4 1, 0, 3;
    %cmp/u;
    %jmp/1 T_0.1, 6;
    %dup/vec4;
    %pushi/vec4 2, 0, 3;
    %cmp/u;
    %jmp/1 T_0.2, 6;
    %dup/vec4;
    %pushi/vec4 3, 0, 3;
    %cmp/u;
    %jmp/1 T_0.3, 6;
    %dup/vec4;
    %pushi/vec4 4, 0, 3;
    %cmp/u;
    %jmp/1 T_0.4, 6;
    %dup/vec4;
    %pushi/vec4 6, 0, 3;
    %cmp/u;
    %jmp/1 T_0.5, 6;
    %dup/vec4;
    %pushi/vec4 7, 0, 3;
    %cmp/u;
    %jmp/1 T_0.6, 6;
    %pushi/vec4 0, 0, 32;
    %store/vec4 v0x7fc51c6145b0_0, 0, 32;
    %jmp T_0.8;
T_0.0 ;
    %load/vec4 v0x7fc51c6142b0_0;
    %load/vec4 v0x7fc51c6143a0_0;
    %add;
    %store/vec4 v0x7fc51c6145b0_0, 0, 32;
    %jmp T_0.8;
T_0.1 ;
    %load/vec4 v0x7fc51c6142b0_0;
    %load/vec4 v0x7fc51c6143a0_0;
    %sub;
    %store/vec4 v0x7fc51c6145b0_0, 0, 32;
    %jmp T_0.8;
T_0.2 ;
    %load/vec4 v0x7fc51c6143a0_0;
    %ix/getv 4, v0x7fc51c6142b0_0;
    %shiftl 4;
    %store/vec4 v0x7fc51c6145b0_0, 0, 32;
    %jmp T_0.8;
T_0.3 ;
    %load/vec4 v0x7fc51c6142b0_0;
    %load/vec4 v0x7fc51c6143a0_0;
    %or;
    %store/vec4 v0x7fc51c6145b0_0, 0, 32;
    %jmp T_0.8;
T_0.4 ;
    %load/vec4 v0x7fc51c6142b0_0;
    %load/vec4 v0x7fc51c6143a0_0;
    %and;
    %store/vec4 v0x7fc51c6145b0_0, 0, 32;
    %jmp T_0.8;
T_0.5 ;
    %load/vec4 v0x7fc51c6142b0_0;
    %load/vec4 v0x7fc51c6143a0_0;
    %cmp/u;
    %flag_get/vec4 5;
    %load/vec4 v0x7fc51c6142b0_0;
    %parti/s 1, 31, 6;
    %load/vec4 v0x7fc51c6143a0_0;
    %parti/s 1, 31, 6;
    %cmp/e;
    %flag_get/vec4 4;
    %and;
    %flag_set/vec4 8;
    %load/vec4 v0x7fc51c6142b0_0;
    %parti/s 1, 31, 6;
    %pad/u 32;
    %pushi/vec4 1, 0, 32;
    %cmp/e;
    %flag_get/vec4 4;
    %load/vec4 v0x7fc51c6143a0_0;
    %parti/s 1, 31, 6;
    %pad/u 32;
    %pushi/vec4 0, 0, 32;
    %cmp/e;
    %flag_get/vec4 4;
    %and;
    %flag_set/vec4 9;
    %flag_or 9, 8;
    %jmp/0 T_0.9, 9;
    %pushi/vec4 1, 0, 32;
    %jmp/1 T_0.10, 9;
T_0.9 ; End of true expr.
    %pushi/vec4 0, 0, 32;
    %jmp/0 T_0.10, 9;
 ; End of false expr.
    %blend;
T_0.10;
    %store/vec4 v0x7fc51c6145b0_0, 0, 32;
    %jmp T_0.8;
T_0.6 ;
    %load/vec4 v0x7fc51c6142b0_0;
    %load/vec4 v0x7fc51c6143a0_0;
    %xnor;
    %store/vec4 v0x7fc51c6145b0_0, 0, 32;
    %jmp T_0.8;
T_0.8 ;
    %pop/vec4 1;
    %jmp T_0;
    .thread T_0, $push;
# The file index is used to find the file name in the following table.
:file_names 3;
    "N/A";
    "<interactive>";
    "ALU32.v";
